#
# A fatal error has been detected by the Java Runtime Environment:
#
#  Internal Error (os_windows_x86.cpp:143), pid=10160, tid=14520
#  guarantee(result == EXCEPTION_CONTINUE_EXECUTION) failed: Unexpected result from topLevelExceptionFilter
#
# JRE version: Java(TM) SE Runtime Environment (7.0_65-b20) (build 1.7.0_65-b20)
# Java VM: Java HotSpot(TM) 64-Bit Server VM (24.65-b04 mixed mode windows-amd64 compressed oops)
# Failed to write core dump. Minidumps are not enabled by default on client versions of Windows
#
# If you would like to submit a bug report, please visit:
#   http://bugreport.sun.com/bugreport/crash.jsp
# The crash happened outside the Java Virtual Machine in native code.
# See problematic frame for where to report the bug.
#

---------------  T H R E A D  ---------------

Current thread (0x000000000c273800):  JavaThread "AWT-EventQueue-0" [_thread_in_native, id=14520, stack(0x000000000e430000,0x000000000e530000)]

Stack: [0x000000000e430000,0x000000000e530000]
[error occurred during error reporting (printing stack bounds), id 0xc0000005]


[error occurred during error reporting (printing native stack), id 0xc0000005]

Java frames: (J=compiled Java code, j=interpreted, Vv=VM code)
j  com.microchip.mplab.comm.MPLABCommUSBAccess.usbCloseDevice(II)I+0
j  com.microchip.mplab.comm.MPLABCommUSBAccess.USB_CloseDevice(II)I+3
j  com.microchip.mplab.comm.MPLABCommUSBTool.Disconnect()I+34
j  com.microchip.externalmemoryprogramer.OptionsDlg.populateAvailableUSBDevices()V+392
j  com.microchip.externalmemoryprogramer.OptionsDlg.createWindow()V+61
j  com.microchip.externalmemoryprogramer.OptionsDlg.<init>(Lorg/jdesktop/application/FrameView;ZLcom/microchip/externalmemoryprogramer/configuration/ConfigurationParameters;)V+125
j  com.microchip.externalmemoryprogramer.ExternalMemoryProgramerView.jOptionsButMouseReleased(Ljava/awt/event/MouseEvent;)V+10
j  com.microchip.externalmemoryprogramer.ExternalMemoryProgramerView.access$400(Lcom/microchip/externalmemoryprogramer/ExternalMemoryProgramerView;Ljava/awt/event/MouseEvent;)V+2
j  com.microchip.externalmemoryprogramer.ExternalMemoryProgramerView$6.mouseReleased(Ljava/awt/event/MouseEvent;)V+5
j  java.awt.AWTEventMulticaster.mouseReleased(Ljava/awt/event/MouseEvent;)V+21
j  java.awt.Component.processMouseEvent(Ljava/awt/event/MouseEvent;)V+64
j  javax.swing.JComponent.processMouseEvent(Ljava/awt/event/MouseEvent;)V+23
j  java.awt.Component.processEvent(Ljava/awt/AWTEvent;)V+81
j  java.awt.Container.processEvent(Ljava/awt/AWTEvent;)V+18
j  java.awt.Component.dispatchEventImpl(Ljava/awt/AWTEvent;)V+581
j  java.awt.Container.dispatchEventImpl(Ljava/awt/AWTEvent;)V+42
J 266 C2 java.awt.LightweightDispatcher.retargetMouseEvent(Ljava/awt/Component;ILjava/awt/event/MouseEvent;)V (350 bytes) @ 0x00000000027e4194 [0x00000000027e3ba0+0x5f4]
j  java.awt.LightweightDispatcher.processMouseEvent(Ljava/awt/event/MouseEvent;)Z+139
j  java.awt.LightweightDispatcher.dispatchEvent(Ljava/awt/AWTEvent;)Z+50
j  java.awt.Container.dispatchEventImpl(Ljava/awt/AWTEvent;)V+12
j  java.awt.Window.dispatchEventImpl(Ljava/awt/AWTEvent;)V+19
j  java.awt.Component.dispatchEvent(Ljava/awt/AWTEvent;)V+2
j  java.awt.EventQueue.dispatchEventImpl(Ljava/awt/AWTEvent;Ljava/lang/Object;)V+41
j  java.awt.EventQueue.access$200(Ljava/awt/EventQueue;Ljava/awt/AWTEvent;Ljava/lang/Object;)V+3
J 801 C2 java.awt.EventQueue$3.run()Ljava/lang/Void; (17 bytes) @ 0x00000000028dea18 [0x00000000028de9e0+0x38]
J 679 C2 java.awt.EventQueue$3.run()Ljava/lang/Object; (5 bytes) @ 0x00000000028bd284 [0x00000000028bd260+0x24]
v  ~StubRoutines::call_stub
J 461  java.security.AccessController.doPrivileged(Ljava/security/PrivilegedAction;Ljava/security/AccessControlContext;)Ljava/lang/Object; (0 bytes) @ 0x0000000002843e46 [0x0000000002843de0+0x66]
j  java.security.ProtectionDomain$1.doIntersectionPrivilege(Ljava/security/PrivilegedAction;Ljava/security/AccessControlContext;Ljava/security/AccessControlContext;)Ljava/lang/Object;+28
j  java.security.ProtectionDomain$1.doIntersectionPrivilege(Ljava/security/PrivilegedAction;Ljava/security/AccessControlContext;)Ljava/lang/Object;+6
j  java.awt.EventQueue$4.run()Ljava/lang/Void;+11
j  java.awt.EventQueue$4.run()Ljava/lang/Object;+1
v  ~StubRoutines::call_stub
J 461  java.security.AccessController.doPrivileged(Ljava/security/PrivilegedAction;Ljava/security/AccessControlContext;)Ljava/lang/Object; (0 bytes) @ 0x0000000002843e46 [0x0000000002843de0+0x66]
J 362 C2 java.awt.EventDispatchThread.pumpOneEventForFilters(I)V (295 bytes) @ 0x0000000002824de8 [0x0000000002823980+0x1468]
j  java.awt.EventDispatchThread.pumpEventsForFilter(ILjava/awt/Conditional;Ljava/awt/EventFilter;)V+35
j  java.awt.EventDispatchThread.pumpEventsForHierarchy(ILjava/awt/Conditional;Ljava/awt/Component;)V+11
j  java.awt.EventDispatchThread.pumpEvents(ILjava/awt/Conditional;)V+4
j  java.awt.EventDispatchThread.pumpEvents(Ljava/awt/Conditional;)V+3
j  java.awt.EventDispatchThread.run()V+9
v  ~StubRoutines::call_stub

---------------  P R O C E S S  ---------------

Java Threads: ( => current thread )
  0x000000000c218000 JavaThread "Active Reference Queue Daemon" daemon [_thread_blocked, id=13844, stack(0x0000000014630000,0x0000000014730000)]
  0x000000000f0c1800 JavaThread "Timer-0" daemon [_thread_blocked, id=11000, stack(0x0000000014430000,0x0000000014530000)]
  0x000000000f747000 JavaThread "Swing-Shell" daemon [_thread_blocked, id=17796, stack(0x0000000013790000,0x0000000013890000)]
  0x0000000012bbf800 JavaThread "TimerQueue" daemon [_thread_blocked, id=12676, stack(0x00000000139b0000,0x0000000013ab0000)]
  0x000000000f74e000 JavaThread "D3D Screen Updater" daemon [_thread_blocked, id=11920, stack(0x0000000013890000,0x0000000013990000)]
  0x000000000235e800 JavaThread "DestroyJavaVM" [_thread_blocked, id=16896, stack(0x00000000025d0000,0x00000000026d0000)]
=>0x000000000c273800 JavaThread "AWT-EventQueue-0" [_thread_in_native, id=14520, stack(0x000000000e430000,0x000000000e530000)]
  0x000000000c272000 JavaThread "AWT-Windows" daemon [_thread_in_native, id=11548, stack(0x000000000e080000,0x000000000e180000)]
  0x000000000c26f000 JavaThread "AWT-Shutdown" [_thread_blocked, id=6500, stack(0x000000000dde0000,0x000000000dee0000)]
  0x000000000c13b800 JavaThread "Java2D Disposer" daemon [_thread_blocked, id=5616, stack(0x000000000dc00000,0x000000000dd00000)]
  0x000000000c100000 JavaThread "Service Thread" daemon [_thread_blocked, id=12824, stack(0x000000000d950000,0x000000000da50000)]
  0x000000000c0fa000 JavaThread "C2 CompilerThread1" daemon [_thread_blocked, id=10508, stack(0x000000000d840000,0x000000000d940000)]
  0x000000000af4e800 JavaThread "C2 CompilerThread0" daemon [_thread_blocked, id=16512, stack(0x000000000d540000,0x000000000d640000)]
  0x000000000af4e000 JavaThread "Attach Listener" daemon [_thread_blocked, id=9680, stack(0x000000000d6d0000,0x000000000d7d0000)]
  0x000000000af4c000 JavaThread "Signal Dispatcher" daemon [_thread_blocked, id=11048, stack(0x000000000d270000,0x000000000d370000)]
  0x000000000af37000 JavaThread "Finalizer" daemon [_thread_blocked, id=15312, stack(0x000000000d430000,0x000000000d530000)]
  0x000000000af30800 JavaThread "Reference Handler" daemon [_thread_blocked, id=16664, stack(0x000000000d160000,0x000000000d260000)]

Other Threads:
  0x000000000af2d800 VMThread [stack: 0x000000000d060000,0x000000000d160000] [id=7952]
  0x000000000c108800 WatcherThread [stack: 0x000000000da50000,0x000000000db50000] [id=11704]

VM state:not at safepoint (normal execution)

VM Mutex/Monitor currently owned by a thread: None

Heap
 PSYoungGen      total 25600K, used 738K [0x00000000d7280000, 0x00000000d8d80000, 0x0000000100000000)
  eden space 23552K, 1% used [0x00000000d7280000,0x00000000d72f0818,0x00000000d8980000)
  from space 2048K, 14% used [0x00000000d8980000,0x00000000d89c8000,0x00000000d8b80000)
  to   space 2048K, 0% used [0x00000000d8b80000,0x00000000d8b80000,0x00000000d8d80000)
 ParOldGen       total 83456K, used 7892K [0x0000000085800000, 0x000000008a980000, 0x00000000d7280000)
  object space 83456K, 9% used [0x0000000085800000,0x0000000085fb50b8,0x000000008a980000)
 PSPermGen       total 41472K, used 18764K [0x0000000080600000, 0x0000000082e80000, 0x0000000085800000)
  object space 41472K, 45% used [0x0000000080600000,0x0000000081853100,0x0000000082e80000)

Card table byte_map: [0x00000000056d0000,0x0000000005ad0000] byte_map_base: 0x00000000052cd000

Polling page: 0x0000000000140000

Code Cache  [0x00000000026d0000, 0x0000000002950000, 0x00000000056d0000)
 total_blobs=1367 nmethods=846 adapters=473 free_code_cache=46695Kb largest_free_block=47767104

Compilation events (10 events):
Event: 3334.026 Thread 0x000000000c0fa000  887   !         sun.java2d.pipe.BufferedRenderPipe::fillRect (102 bytes)
Event: 3334.045 Thread 0x000000000c0fa000 nmethod 887 0x000000000293a190 code [0x000000000293a360, 0x000000000293a910]
Event: 3337.219 Thread 0x000000000af4e800  888             sun.awt.SunToolkit::awtUnlock (7 bytes)
Event: 3337.227 Thread 0x000000000af4e800 nmethod 888 0x0000000002939c90 code [0x0000000002939de0, 0x0000000002939f68]
Event: 5389.958 Thread 0x000000000c0fa000  889             sun.java2d.d3d.D3DSurfaceData::setSurfaceLost (29 bytes)
Event: 5389.966 Thread 0x000000000c0fa000 nmethod 889 0x0000000002939690 code [0x0000000002939800, 0x0000000002939a18]
Event: 5717.463 Thread 0x000000000af4e800  890   !         sun.java2d.d3d.D3DVolatileSurfaceManager::restoreAcceleratedSurface (89 bytes)
Event: 5717.479 Thread 0x000000000af4e800 nmethod 890 0x000000000293c450 code [0x000000000293c5e0, 0x000000000293cd08]
Event: 5717.549 Thread 0x000000000c0fa000  891             sun.awt.image.VolatileSurfaceManager::getBackupSurface (41 bytes)
Event: 5717.553 Thread 0x000000000c0fa000 nmethod 891 0x0000000002940510 code [0x0000000002940680, 0x00000000029407b0]

GC Heap History (10 events):
Event: 5627.193 GC heap before
{Heap before GC invocations=45 (full 2):
 PSYoungGen      total 25600K, used 24352K [0x00000000d7280000, 0x00000000d8d80000, 0x0000000100000000)
  eden space 23552K, 100% used [0x00000000d7280000,0x00000000d8980000,0x00000000d8980000)
  from space 2048K, 39% used [0x00000000d8b80000,0x00000000d8c48000,0x00000000d8d80000)
  to   space 2048K, 0% used [0x00000000d8980000,0x00000000d8980000,0x00000000d8b80000)
 ParOldGen       total 83456K, used 7852K [0x0000000085800000, 0x000000008a980000, 0x00000000d7280000)
  object space 83456K, 9% used [0x0000000085800000,0x0000000085fab0b8,0x000000008a980000)
 PSPermGen       total 41472K, used 18680K [0x0000000080600000, 0x0000000082e80000, 0x0000000085800000)
  object space 41472K, 45% used [0x0000000080600000,0x000000008183e278,0x0000000082e80000)
Event: 5627.201 GC heap after
Heap after GC invocations=45 (full 2):
 PSYoungGen      total 25600K, used 800K [0x00000000d7280000, 0x00000000d8d80000, 0x0000000100000000)
  eden space 23552K, 0% used [0x00000000d7280000,0x00000000d7280000,0x00000000d8980000)
  from space 2048K, 39% used [0x00000000d8980000,0x00000000d8a48000,0x00000000d8b80000)
  to   space 2048K, 0% used [0x00000000d8b80000,0x00000000d8b80000,0x00000000d8d80000)
 ParOldGen       total 83456K, used 7852K [0x0000000085800000, 0x000000008a980000, 0x00000000d7280000)
  object space 83456K, 9% used [0x0000000085800000,0x0000000085fab0b8,0x000000008a980000)
 PSPermGen       total 41472K, used 18680K [0x0000000080600000, 0x0000000082e80000, 0x0000000085800000)
  object space 41472K, 45% used [0x0000000080600000,0x000000008183e278,0x0000000082e80000)
}
Event: 5767.317 GC heap before
{Heap before GC invocations=46 (full 2):
 PSYoungGen      total 25600K, used 24352K [0x00000000d7280000, 0x00000000d8d80000, 0x0000000100000000)
  eden space 23552K, 100% used [0x00000000d7280000,0x00000000d8980000,0x00000000d8980000)
  from space 2048K, 39% used [0x00000000d8980000,0x00000000d8a48000,0x00000000d8b80000)
  to   space 2048K, 0% used [0x00000000d8b80000,0x00000000d8b80000,0x00000000d8d80000)
 ParOldGen       total 83456K, used 7852K [0x0000000085800000, 0x000000008a980000, 0x00000000d7280000)
  object space 83456K, 9% used [0x0000000085800000,0x0000000085fab0b8,0x000000008a980000)
 PSPermGen       total 41472K, used 18680K [0x0000000080600000, 0x0000000082e80000, 0x0000000085800000)
  object space 41472K, 45% used [0x0000000080600000,0x000000008183e278,0x0000000082e80000)
Event: 5767.326 GC heap after
Heap after GC invocations=46 (full 2):
 PSYoungGen      total 25600K, used 800K [0x00000000d7280000, 0x00000000d8d80000, 0x0000000100000000)
  eden space 23552K, 0% used [0x00000000d7280000,0x00000000d7280000,0x00000000d8980000)
  from space 2048K, 39% used [0x00000000d8b80000,0x00000000d8c48000,0x00000000d8d80000)
  to   space 2048K, 0% used [0x00000000d8980000,0x00000000d8980000,0x00000000d8b80000)
 ParOldGen       total 83456K, used 7860K [0x0000000085800000, 0x000000008a980000, 0x00000000d7280000)
  object space 83456K, 9% used [0x0000000085800000,0x0000000085fad0b8,0x000000008a980000)
 PSPermGen       total 41472K, used 18680K [0x0000000080600000, 0x0000000082e80000, 0x0000000085800000)
  object space 41472K, 45% used [0x0000000080600000,0x000000008183e278,0x0000000082e80000)
}
Event: 5907.499 GC heap before
{Heap before GC invocations=47 (full 2):
 PSYoungGen      total 25600K, used 24352K [0x00000000d7280000, 0x00000000d8d80000, 0x0000000100000000)
  eden space 23552K, 100% used [0x00000000d7280000,0x00000000d8980000,0x00000000d8980000)
  from space 2048K, 39% used [0x00000000d8b80000,0x00000000d8c48000,0x00000000d8d80000)
  to   space 2048K, 0% used [0x00000000d8980000,0x00000000d8980000,0x00000000d8b80000)
 ParOldGen       total 83456K, used 7860K [0x0000000085800000, 0x000000008a980000, 0x00000000d7280000)
  object space 83456K, 9% used [0x0000000085800000,0x0000000085fad0b8,0x000000008a980000)
 PSPermGen       total 41472K, used 18680K [0x0000000080600000, 0x0000000082e80000, 0x0000000085800000)
  object space 41472K, 45% used [0x0000000080600000,0x000000008183e278,0x0000000082e80000)
Event: 5907.507 GC heap after
Heap after GC invocations=47 (full 2):
 PSYoungGen      total 25600K, used 800K [0x00000000d7280000, 0x00000000d8d80000, 0x0000000100000000)
  eden space 23552K, 0% used [0x00000000d7280000,0x00000000d7280000,0x00000000d8980000)
  from space 2048K, 39% used [0x00000000d8980000,0x00000000d8a48000,0x00000000d8b80000)
  to   space 2048K, 0% used [0x00000000d8b80000,0x00000000d8b80000,0x00000000d8d80000)
 ParOldGen       total 83456K, used 7860K [0x0000000085800000, 0x000000008a980000, 0x00000000d7280000)
  object space 83456K, 9% used [0x0000000085800000,0x0000000085fad0b8,0x000000008a980000)
 PSPermGen       total 41472K, used 18680K [0x0000000080600000, 0x0000000082e80000, 0x0000000085800000)
  object space 41472K, 45% used [0x0000000080600000,0x000000008183e278,0x0000000082e80000)
}
Event: 6100.669 GC heap before
{Heap before GC invocations=48 (full 2):
 PSYoungGen      total 25600K, used 24352K [0x00000000d7280000, 0x00000000d8d80000, 0x0000000100000000)
  eden space 23552K, 100% used [0x00000000d7280000,0x00000000d8980000,0x00000000d8980000)
  from space 2048K, 39% used [0x00000000d8980000,0x00000000d8a48000,0x00000000d8b80000)
  to   space 2048K, 0% used [0x00000000d8b80000,0x00000000d8b80000,0x00000000d8d80000)
 ParOldGen       total 83456K, used 7860K [0x0000000085800000, 0x000000008a980000, 0x00000000d7280000)
  object space 83456K, 9% used [0x0000000085800000,0x0000000085fad0b8,0x000000008a980000)
 PSPermGen       total 41472K, used 18680K [0x0000000080600000, 0x0000000082e80000, 0x0000000085800000)
  object space 41472K, 45% used [0x0000000080600000,0x000000008183e278,0x0000000082e80000)
Event: 6100.672 GC heap after
Heap after GC invocations=48 (full 2):
 PSYoungGen      total 25600K, used 192K [0x00000000d7280000, 0x00000000d8d80000, 0x0000000100000000)
  eden space 23552K, 0% used [0x00000000d7280000,0x00000000d7280000,0x00000000d8980000)
  from space 2048K, 9% used [0x00000000d8b80000,0x00000000d8bb0000,0x00000000d8d80000)
  to   space 2048K, 0% used [0x00000000d8980000,0x00000000d8980000,0x00000000d8b80000)
 ParOldGen       total 83456K, used 7876K [0x0000000085800000, 0x000000008a980000, 0x00000000d7280000)
  object space 83456K, 9% used [0x0000000085800000,0x0000000085fb10b8,0x000000008a980000)
 PSPermGen       total 41472K, used 18680K [0x0000000080600000, 0x0000000082e80000, 0x0000000085800000)
  object space 41472K, 45% used [0x0000000080600000,0x000000008183e278,0x0000000082e80000)
}
Event: 6275.653 GC heap before
{Heap before GC invocations=49 (full 2):
 PSYoungGen      total 25600K, used 23744K [0x00000000d7280000, 0x00000000d8d80000, 0x0000000100000000)
  eden space 23552K, 100% used [0x00000000d7280000,0x00000000d8980000,0x00000000d8980000)
  from space 2048K, 9% used [0x00000000d8b80000,0x00000000d8bb0000,0x00000000d8d80000)
  to   space 2048K, 0% used [0x00000000d8980000,0x00000000d8980000,0x00000000d8b80000)
 ParOldGen       total 83456K, used 7876K [0x0000000085800000, 0x000000008a980000, 0x00000000d7280000)
  object space 83456K, 9% used [0x0000000085800000,0x0000000085fb10b8,0x000000008a980000)
 PSPermGen       total 41472K, used 18762K [0x0000000080600000, 0x0000000082e80000, 0x0000000085800000)
  object space 41472K, 45% used [0x0000000080600000,0x0000000081852ac8,0x0000000082e80000)
Event: 6275.657 GC heap after
Heap after GC invocations=49 (full 2):
 PSYoungGen      total 25600K, used 288K [0x00000000d7280000, 0x00000000d8d80000, 0x0000000100000000)
  eden space 23552K, 0% used [0x00000000d7280000,0x00000000d7280000,0x00000000d8980000)
  from space 2048K, 14% used [0x00000000d8980000,0x00000000d89c8000,0x00000000d8b80000)
  to   space 2048K, 0% used [0x00000000d8b80000,0x00000000d8b80000,0x00000000d8d80000)
 ParOldGen       total 83456K, used 7892K [0x0000000085800000, 0x000000008a980000, 0x00000000d7280000)
  object space 83456K, 9% used [0x0000000085800000,0x0000000085fb50b8,0x000000008a980000)
 PSPermGen       total 41472K, used 18762K [0x0000000080600000, 0x0000000082e80000, 0x0000000085800000)
  object space 41472K, 45% used [0x0000000080600000,0x0000000081852ac8,0x0000000082e80000)
}

Deoptimization events (10 events):
Event: 6275.513 Thread 0x000000000c273800 Uncommon trap: reason=class_check action=maybe_recompile pc=0x00000000027eeba8 method=java.util.Collections$SynchronizedMap.get(Ljava/lang/Object;)Ljava/lang/Object; @ 12
Event: 6275.513 Thread 0x000000000c273800 Uncommon trap: reason=class_check action=maybe_recompile pc=0x00000000027eeba8 method=java.util.Collections$SynchronizedMap.get(Ljava/lang/Object;)Ljava/lang/Object; @ 12
Event: 6275.612 Thread 0x000000000c273800 Uncommon trap: reason=bimorphic action=maybe_recompile pc=0x000000000291ed0c method=sun.awt.windows.WComponentPeer.isContainingTopLevelAccelCapable(Ljava/awt/Component;)Z @ 12
Event: 6275.617 Thread 0x000000000c273800 Uncommon trap: reason=bimorphic action=maybe_recompile pc=0x000000000291ed0c method=sun.awt.windows.WComponentPeer.isContainingTopLevelAccelCapable(Ljava/awt/Component;)Z @ 12
Event: 6275.618 Thread 0x000000000c273800 Uncommon trap: reason=bimorphic action=maybe_recompile pc=0x000000000291ed0c method=sun.awt.windows.WComponentPeer.isContainingTopLevelAccelCapable(Ljava/awt/Component;)Z @ 12
Event: 6275.633 Thread 0x000000000c273800 Uncommon trap: reason=class_check action=maybe_recompile pc=0x0000000002860064 method=javax.swing.SwingUtilities.layoutCompoundLabelImpl(Ljavax/swing/JComponent;Ljava/awt/FontMetrics;Ljava/lang/String;Ljavax/swing/Icon;IIIILjava/awt/Rectangle;Ljava/awt/Recf¢É∏@
Event: 6275.633 Thread 0x000000000c273800 Uncommon trap: reason=class_check action=maybe_recompile pc=0x0000000002860064 method=javax.swing.SwingUtilities.layoutCompoundLabelImpl(Ljavax/swing/JComponent;Ljava/awt/FontMetrics;Ljava/lang/String;Ljavax/swing/Icon;IIIILjava/awt/Rectangle;Ljava/awt/Rece≈""¢É∏@
Event: 6275.633 Thread 0x000000000c273800 Uncommon trap: reason=class_check action=maybe_recompile pc=0x0000000002860064 method=javax.swing.SwingUtilities.layoutCompoundLabelImpl(Ljavax/swing/JComponent;Ljava/awt/FontMetrics;Ljava/lang/String;Ljavax/swing/Icon;IIIILjava/awt/Rectangle;Ljava/awt/Rec
Event: 6275.634 Thread 0x000000000c273800 Uncommon trap: reason=class_check action=maybe_recompile pc=0x0000000002860064 method=javax.swing.SwingUtilities.layoutCompoundLabelImpl(Ljavax/swing/JComponent;Ljava/awt/FontMetrics;Ljava/lang/String;Ljavax/swing/Icon;IIIILjava/awt/Rectangle;Ljava/awt/Recç=¿™É∏@
Event: 6275.667 Thread 0x000000000c273800 Uncommon trap: reason=bimorphic action=maybe_recompile pc=0x000000000291ed0c method=sun.awt.windows.WComponentPeer.isContainingTopLevelAccelCapable(Ljava/awt/Component;)Z @ 12

Internal exceptions (10 events):
Event: 249.990 Thread 0x000000000c273800 Implicit null exception at 0x0000000002857a15 to 0x000000000285804d
Event: 249.990 Thread 0x000000000c273800 Implicit null exception at 0x000000000287d10c to 0x000000000287d665
Event: 249.990 Thread 0x000000000c273800 Implicit null exception at 0x0000000002853be0 to 0x0000000002853c2e
Event: 426.654 Thread 0x000000000c272000 Threw 0x00000000d7c01bb8 at C:\re\jdk7u65\1320\hotspot\src\share\vm\prims\jni.cpp:743
Event: 672.762 Thread 0x000000000c273800 Implicit null exception at 0x0000000002900627 to 0x0000000002901995
Event: 4400.021 Thread 0x000000000c272000 Implicit null exception at 0x00000000027dff28 to 0x00000000027e0021
Event: 6053.264 Thread 0x000000000c272000 Threw 0x00000000d7f91608 at C:\re\jdk7u65\1320\hotspot\src\share\vm\prims\jni.cpp:743
Event: 6053.264 Thread 0x000000000c272000 Threw 0x00000000d7f91930 at C:\re\jdk7u65\1320\hotspot\src\share\vm\prims\jni.cpp:743
Event: 6274.609 Thread 0x000000000c273800 Implicit null exception at 0x000000000285eb44 to 0x000000000285ed79
Event: 6275.504 Thread 0x000000000c273800 Implicit null exception at 0x00000000028a3f23 to 0x00000000028a3f95

Events (10 events):
Event: 6275.633 Thread 0x000000000c273800 DEOPT PACKING pc=0x0000000002860064 sp=0x000000000e52ac80
Event: 6275.633 Thread 0x000000000c273800 DEOPT UNPACKING pc=0x00000000027075a4 sp=0x000000000e52ab98 mode 2
Event: 6275.634 Thread 0x000000000c273800 Uncommon trap: trap_request=0xffffffde fr.pc=0x0000000002860064
Event: 6275.634 Thread 0x000000000c273800 DEOPT PACKING pc=0x0000000002860064 sp=0x000000000e52ac80
Event: 6275.634 Thread 0x000000000c273800 DEOPT UNPACKING pc=0x00000000027075a4 sp=0x000000000e52ab98 mode 2
Event: 6275.653 Executing VM operation: ParallelGCFailedAllocation
Event: 6275.657 Executing VM operation: ParallelGCFailedAllocation done
Event: 6275.667 Thread 0x000000000c273800 Uncommon trap: trap_request=0xffffffc6 fr.pc=0x000000000291ed0c
Event: 6275.667 Thread 0x000000000c273800 DEOPT PACKING pc=0x000000000291ed0c sp=0x000000000e52c8f0
Event: 6275.667 Thread 0x000000000c273800 DEOPT UNPACKING pc=0x00000000027075a4 sp=0x000000000e52c898 mode 2


Dynamic libraries:
0x000000013f1c0000 - 0x000000013f1f3000 	C:\Windows\system32\javaw.exe
0x0000000076eb0000 - 0x0000000077059000 	C:\Windows\SYSTEM32\ntdll.dll
0x0000000076d90000 - 0x0000000076eaf000 	C:\Windows\system32\kernel32.dll
0x000007fefccc0000 - 0x000007fefcd2c000 	C:\Windows\system32\KERNELBASE.dll
0x000007fefd040000 - 0x000007fefd11b000 	C:\Windows\system32\ADVAPI32.dll
0x000007fefe050000 - 0x000007fefe0ef000 	C:\Windows\system32\msvcrt.dll
0x000007fefd020000 - 0x000007fefd03f000 	C:\Windows\SYSTEM32\sechost.dll
0x000007fefe1c0000 - 0x000007fefe2ed000 	C:\Windows\system32\RPCRT4.dll
0x0000000076c90000 - 0x0000000076d8a000 	C:\Windows\system32\USER32.dll
0x000007fefeb20000 - 0x000007fefeb87000 	C:\Windows\system32\GDI32.dll
0x000007fefe040000 - 0x000007fefe04e000 	C:\Windows\system32\LPK.dll
0x000007fefe870000 - 0x000007fefe939000 	C:\Windows\system32\USP10.dll
0x000007fefacb0000 - 0x000007fefaea4000 	C:\Windows\WinSxS\amd64_microsoft.windows.common-controls_6595b64144ccf1df_6.0.7601.17514_none_fa396087175ac9ac\COMCTL32.dll
0x000007fefe0f0000 - 0x000007fefe161000 	C:\Windows\system32\SHLWAPI.dll
0x000007feff010000 - 0x000007feff03e000 	C:\Windows\system32\IMM32.DLL
0x000007fefef00000 - 0x000007feff009000 	C:\Windows\system32\MSCTF.dll
0x000007fefcb90000 - 0x000007fefcbc1000 	C:\Windows\system32\nvinitx.dll
0x000000000f000000 - 0x000000000f006000 	C:\Program Files\NVIDIA Corporation\CoProcManager\_etoured.dll
0x000007fef9de0000 - 0x000007fef9e3f000 	C:\Program Files\NVIDIA Corporation\CoProcManager\nvd3d9wrapx.dll
0x000007fefe940000 - 0x000007fefeb17000 	C:\Windows\system32\SETUPAPI.dll
0x000007fefcc80000 - 0x000007fefccb6000 	C:\Windows\system32\CFGMGR32.dll
0x000007feff0e0000 - 0x000007feff1b7000 	C:\Windows\system32\OLEAUT32.dll
0x000007fefe2f0000 - 0x000007fefe4f3000 	C:\Windows\system32\ole32.dll
0x000007fefcff0000 - 0x000007fefd00a000 	C:\Windows\system32\DEVOBJ.dll
0x000007fef9d90000 - 0x000007fef9dd6000 	C:\Program Files\NVIDIA Corporation\CoProcManager\nvdxgiwrapx.dll
0x00000000749d0000 - 0x0000000074a09000 	C:\PROGRA~2\Sophos\SOPHOS~1\SOPHOS~2.DLL
0x0000000077080000 - 0x0000000077087000 	C:\Windows\system32\PSAPI.DLL
0x0000000055390000 - 0x0000000055462000 	C:\Program Files\Java\jre7\bin\msvcr100.dll
0x000000006e150000 - 0x000000006e922000 	C:\Program Files\Java\jre7\bin\server\jvm.dll
0x000007fefa430000 - 0x000007fefa439000 	C:\Windows\system32\WSOCK32.dll
0x000007fefe170000 - 0x000007fefe1bd000 	C:\Windows\system32\WS2_32.dll
0x000007fefe5a0000 - 0x000007fefe5a8000 	C:\Windows\system32\NSI.dll
0x000007fefb5f0000 - 0x000007fefb62b000 	C:\Windows\system32\WINMM.dll
0x000000005a720000 - 0x000000005a72f000 	C:\Program Files\Java\jre7\bin\verify.dll
0x000000005a4e0000 - 0x000000005a508000 	C:\Program Files\Java\jre7\bin\java.dll
0x0000000059b80000 - 0x0000000059b95000 	C:\Program Files\Java\jre7\bin\zip.dll
0x0000000052640000 - 0x00000000527d5000 	C:\Program Files\Java\jre7\bin\awt.dll
0x000007fefac30000 - 0x000007fefac86000 	C:\Windows\system32\uxtheme.dll
0x000007fefa090000 - 0x000007fefa0a8000 	C:\Windows\system32\dwmapi.dll
0x000007fefcac0000 - 0x000007fefcacf000 	C:\Windows\system32\CRYPTBASE.dll
0x000007fefd2b0000 - 0x000007fefe038000 	C:\Windows\system32\SHELL32.dll
0x0000000056480000 - 0x00000000564c7000 	C:\Program Files\Java\jre7\bin\fontmanager.dll
0x0000000057130000 - 0x0000000057149000 	C:\Program Files\Java\jre7\bin\net.dll
0x000007fefbd50000 - 0x000007fefbd81000 	C:\ProgramData\Sophos\Web Intelligence\swi_ifslsp_64.dll
0x000007fefbe60000 - 0x000007fefbe6c000 	C:\Windows\system32\VERSION.dll
0x000007fefc3c0000 - 0x000007fefc415000 	C:\Windows\system32\mswsock.dll
0x000007fefc3b0000 - 0x000007fefc3b7000 	C:\Windows\System32\wship6.dll
0x0000000056d00000 - 0x0000000056d11000 	C:\Program Files\Java\jre7\bin\nio.dll
0x000007fef9e90000 - 0x000007fefa08f000 	C:\Windows\system32\d3d9.dll
0x000007fef9e80000 - 0x000007fef9e87000 	C:\Windows\system32\d3d8thk.dll
0x000007fef2100000 - 0x000007fef226c000 	C:\Windows\system32\nvumdshimx.dll
0x000007feda970000 - 0x000007fedbacc000 	C:\Windows\system32\nvd3dumx.dll
0x000007fed99a0000 - 0x000007feda967000 	C:\Windows\system32\igdumdim64.dll
0x000007fee1200000 - 0x000007fee1660000 	C:\Windows\system32\igdusc64.dll
0x000007fefcf90000 - 0x000007fefcfca000 	C:\Windows\system32\WINTRUST.dll
0x000007fefcd50000 - 0x000007fefcebc000 	C:\Windows\system32\CRYPT32.dll
0x000007fefcc60000 - 0x000007fefcc6f000 	C:\Windows\system32\MSASN1.dll
0x000007fefb9c0000 - 0x000007fefb9ec000 	C:\Windows\system32\powrprof.dll
0x000007feff040000 - 0x000007feff0d9000 	C:\Windows\system32\CLBCatQ.DLL
0x000007fef9c20000 - 0x000007fef9d81000 	C:\Windows\system32\WindowsCodecs.dll
0x000007fefca20000 - 0x000007fefca77000 	C:\Windows\system32\apphelp.dll
0x0000000002470000 - 0x000000000247f000 	C:\Windows\system32\AcSignIcon.dll
0x000000006a1a0000 - 0x000000006a689000 	C:\Windows\WinSxS\amd64_microsoft.vc90.mfc_1fc8b3b9a1e18e3b_9.0.30729.5054_none_044966a7ab1fe75a\mfc90u.dll
0x0000000071d40000 - 0x0000000071ddd000 	C:\Windows\WinSxS\amd64_microsoft.vc90.crt_1fc8b3b9a1e18e3b_9.0.30729.5054_none_08e4d1f3a83cf865\MSVCR90.dll
0x000007fef8cc0000 - 0x000007fef8cc7000 	C:\Windows\system32\MSIMG32.dll
0x000000006e090000 - 0x000000006e09d000 	C:\Windows\WinSxS\amd64_microsoft.vc90.mfcloc_1fc8b3b9a1e18e3b_9.0.30729.5054_none_01c811ba60cd246c\MFC90ENU.DLL
0x000007feeeed0000 - 0x000007feeef05000 	C:\Windows\system32\EhStorShell.dll
0x000007fefb840000 - 0x000007fefb96c000 	C:\Windows\system32\PROPSYS.dll
0x000007feeee50000 - 0x000007feeeece000 	C:\Windows\System32\cscui.dll
0x000007feeee40000 - 0x000007feeee4c000 	C:\Windows\System32\CSCDLL.dll
0x000007fef3450000 - 0x000007fef345f000 	C:\Windows\system32\CSCAPI.dll
0x000007feeedc0000 - 0x000007feeee40000 	C:\Windows\system32\ntshrui.dll
0x000007fefc6a0000 - 0x000007fefc6c3000 	C:\Windows\system32\srvcli.dll
0x000007fefb1e0000 - 0x000007fefb1eb000 	C:\Windows\system32\slc.dll
0x000007feeedb0000 - 0x000007feeedb8000 	C:\Windows\system32\IconCodecService.dll
0x0000000056120000 - 0x0000000056161000 	C:\Program Files\Java\jre7\bin\t2k.dll
0x000007fef8cd0000 - 0x000007fef8d70000 	C:\Windows\WinSxS\amd64_microsoft.windows.common-controls_6595b64144ccf1df_5.82.7601.18201_none_a4d3b9377117c3df\comctl32.dll
0x000007fefb5c0000 - 0x000007fefb5ed000 	C:\Windows\system32\ntmarta.dll
0x000007fefe810000 - 0x000007fefe862000 	C:\Windows\system32\WLDAP32.dll
0x000007feee070000 - 0x000007feee20c000 	C:\Windows\system32\NetworkExplorer.dll
0x000007feee980000 - 0x000007feee9b4000 	C:\Windows\System32\shdocvw.dll
0x0000000002340000 - 0x000000000234f000 	C:\Windows\system32\profapi.dll
0x000007fef3760000 - 0x000007fef3778000 	C:\Windows\system32\MPR.dll
0x000007fef20d0000 - 0x000007fef20da000 	C:\Windows\System32\drprov.dll
0x000007fefca80000 - 0x000007fefcabd000 	C:\Windows\System32\WINSTA.dll
0x000007fef20a0000 - 0x000007fef20c2000 	C:\Windows\System32\ntlanman.dll
0x000007fef2080000 - 0x000007fef209d000 	C:\Windows\System32\davclnt.dll
0x000007fef2070000 - 0x000007fef207a000 	C:\Windows\System32\DAVHLPR.dll
0x000007fef9ac0000 - 0x000007fef9ad5000 	C:\Windows\system32\wkscli.dll
0x000007fefc050000 - 0x000007fefc05c000 	C:\Windows\system32\netutils.dll
0x000007fee17b0000 - 0x000007fee1a21000 	C:\Windows\system32\wpdshext.dll
0x000007fefa9c0000 - 0x000007fefabd6000 	C:\Windows\WinSxS\amd64_microsoft.windows.gdiplus_6595b64144ccf1df_1.1.7601.18455_none_2b283fd671e9bf4d\gdiplus.dll
0x000007fef3130000 - 0x000007fef31ed000 	C:\Windows\system32\PortableDeviceApi.dll
0x000007fef13b0000 - 0x000007fef13d7000 	C:\Windows\system32\EhStorAPI.dll
0x000007feeeb70000 - 0x000007feeeb7c000 	C:\Windows\system32\LINKINFO.dll
0x000007fefc820000 - 0x000007fefc82b000 	C:\Windows\system32\Secur32.dll
0x000007fefc9f0000 - 0x000007fefca15000 	C:\Windows\system32\SSPICLI.DLL
0x0000000180000000 - 0x0000000180025000 	C:\Users\us1jbernath\Documents\Flotilla LCD\New folder (2)\gfx with nvm library\framework\gfx\utilities\memory_programmer\rxtxSerial.dll
0x000007feedd00000 - 0x000007feedd2f000 	C:\Windows\System32\USBAccessLink.dll
0x000007fefa570000 - 0x000007fefa57b000 	C:\Windows\system32\HID.DLL
0x000000006ecf0000 - 0x000000006edc3000 	C:\Windows\WinSxS\amd64_microsoft.vc90.crt_1fc8b3b9a1e18e3b_9.0.30729.5054_none_08e4d1f3a83cf865\MSVCP90.dll
0x000007fef98f0000 - 0x000007fef98f9000 	C:\Windows\system32\winusb.dll
0x000007fef16b0000 - 0x000007fef16cb000 	C:\Windows\System32\SerialAccessLink.dll
0x000007fefbd30000 - 0x000007fefbd37000 	C:\Windows\System32\wshtcpip.dll
0x000007fefc240000 - 0x000007fefc29b000 	C:\Windows\system32\DNSAPI.dll
0x0000000063560000 - 0x0000000063569000 	C:\Program Files\National Instruments\Shared\mDNS Responder\nimdnsNSP.dll
0x0000000063550000 - 0x000000006355e000 	C:\Windows\system32\nimdnsResponder.dll
0x000007fefbaa0000 - 0x000007fefbac7000 	C:\Windows\system32\Iphlpapi.DLL
0x000007fefbd40000 - 0x000007fefbd4b000 	C:\Windows\system32\WINNSI.DLL
0x000007fef81b0000 - 0x000007fef81b8000 	C:\Windows\system32\rasadhlp.dll
0x000007fef9770000 - 0x000007fef97c3000 	C:\Windows\System32\fwpuclnt.dll

VM Arguments:
java_command: memory_programmer.jar
Launcher Type: SUN_STANDARD

Environment Variables:
PATH=c:\Program Files (x86)\Intel\iCLS Client\;c:\Program Files\Intel\iCLS Client\;C:\Program Files (x86)\NVIDIA Corporation\PhysX\Common;C:\Windows\system32;C:\Windows;C:\Windows\System32\Wbem;C:\Windows\System32\WindowsPowerShell\v1.0\;C:\Program Files\Intel\WiFi\bin\;C:\Program Files\Common Files\Intel\WirelessCommon\;C:\Program Files\Intel\Intel(R) Management Engine Components\DAL;C:\Program Files\Intel\Intel(R) Management Engine Components\IPT;C:\Program Files (x86)\Intel\Intel(R) Management Engine Components\DAL;C:\Program Files (x86)\Intel\Intel(R) Management Engine Components\IPT;C:\Program Files (x86)\IVI Foundation\IVI\bin;C:\Program Files\IVI Foundation\IVI\bin;C:\Program Files (x86)\IVI Foundation\VISA\WinNT\Bin\;C:\Program Files\IVI Foundation\VISA\Win64\Bin\;C:\Program Files (x86)\IVI Foundation\VISA\WinNT\Bin;C:\Program Files (x86)\Microchip\xc8\v1.34\bin;C:\Program Files (x86)\Microchip\MPLAB C32 Suite\bin;C:\HTSOFT\PIC18\BIN;C:\Program Files (x86)\HI-TECH Software\PICC-18\9.80\bin;USERPROFILE\.dnx\bin;C:\Program Files\Microsoft DNX\Dnvm\;C:\Program Files\Microsoft SQL Server\130\Tools\Binn\;C:\Program Files\dotnet\;C:\Program Files\Anaconda3;C:\Program Files\Anaconda3\Scripts;C:\Program Files\Anaconda3\Library\bin;C:\Program Files\Git\cmd;C:\Program Files (x86)\Microchip\xc16\v1.31\bin;C:\Program Files (x86)\Microchip\xc16\v1.33\bin;C:\Program Files\Intel\WiFi\bin\;C:\Program Files\Common Files\Intel\WirelessCommon\
USERNAME=us1jbernath
OS=Windows_NT
PROCESSOR_IDENTIFIER=Intel64 Family 6 Model 60 Stepping 3, GenuineIntel



---------------  S Y S T E M  ---------------

OS: Windows 7 , 64 bit Build 7601 Service Pack 1

CPU:total 8 (4 cores per cpu, 2 threads per core) family 6 model 60 stepping 3, cmov, cx8, fxsr, mmx, sse, sse2, sse3, ssse3, sse4.1, sse4.2, popcnt, avx, avx2, aes, erms, ht, tsc, tscinvbit

Memory: 4k page, physical 8021104k(1637572k free), swap 8565136k(487588k free)

vm_info: Java HotSpot(TM) 64-Bit Server VM (24.65-b04) for windows-amd64 JRE (1.7.0_65-b20), built on Jul 11 2014 00:39:37 by "java_re" with unknown MS VC++:1600

time: Fri Feb 09 13:13:24 2018
elapsed time: 6275 seconds

