#
# There is insufficient memory for the Java Runtime Environment to continue.
# Native memory allocation (malloc) failed to allocate 138336 bytes for Chunk::new
# Possible reasons:
#   The system is out of physical RAM or swap space
#   In 32 bit mode, the process size limit was hit
# Possible solutions:
#   Reduce memory load on the system
#   Increase physical memory or swap space
#   Check if swap backing store is full
#   Use 64 bit Java on a 64 bit OS
#   Decrease Java heap size (-Xmx/-Xms)
#   Decrease number of Java threads
#   Decrease Java thread stack sizes (-Xss)
#   Set larger code cache with -XX:ReservedCodeCacheSize=
# This output file may be truncated or incomplete.
#
#  Out of Memory Error (allocation.cpp:317), pid=11728, tid=12940
#
# JRE version: 6.0_45-b06
# Java VM: Java HotSpot(TM) 64-Bit Server VM (20.45-b01 mixed mode windows-amd64 compressed oops)

---------------  T H R E A D  ---------------

Current thread (0x00000000067e5000):  JavaThread "C2 CompilerThread1" daemon [_thread_in_native, id=12940, stack(0x00000000077d0000,0x00000000078d0000)]

Stack: [0x00000000077d0000,0x00000000078d0000]

Current CompileTask:
C2:   1291  11      java.io.DataOutputStream.writeUTF(Ljava/lang/String;Ljava/io/DataOutput;)I (435 bytes)


---------------  P R O C E S S  ---------------

Java Threads: ( => current thread )
  0x00000000068f7800 JavaThread "Image Fetcher 0" daemon [_thread_in_Java, id=11912, stack(0x000000000a0d0000,0x000000000a1d0000)]
  0x000000000062c800 JavaThread "DestroyJavaVM" [_thread_blocked, id=13964, stack(0x0000000002620000,0x0000000002720000)]
  0x000000000682e800 JavaThread "AWT-EventQueue-0" [_thread_blocked, id=7932, stack(0x0000000008180000,0x0000000008280000)]
  0x000000000682b000 JavaThread "AWT-Windows" daemon [_thread_in_native, id=7052, stack(0x0000000008080000,0x0000000008180000)]
  0x0000000006828800 JavaThread "AWT-Shutdown" [_thread_blocked, id=13012, stack(0x0000000007f80000,0x0000000008080000)]
  0x00000000068a9000 JavaThread "Java2D Disposer" daemon [_thread_blocked, id=7040, stack(0x0000000007e80000,0x0000000007f80000)]
  0x00000000067f1800 JavaThread "Low Memory Detector" daemon [_thread_blocked, id=11820, stack(0x00000000078d0000,0x00000000079d0000)]
=>0x00000000067e5000 JavaThread "C2 CompilerThread1" daemon [_thread_in_native, id=12940, stack(0x00000000077d0000,0x00000000078d0000)]
  0x00000000067de000 JavaThread "C2 CompilerThread0" daemon [_thread_in_native, id=7384, stack(0x00000000076d0000,0x00000000077d0000)]
  0x00000000067dc800 JavaThread "Attach Listener" daemon [_thread_blocked, id=4636, stack(0x00000000075d0000,0x00000000076d0000)]
  0x00000000067db800 JavaThread "Signal Dispatcher" daemon [_thread_blocked, id=13692, stack(0x00000000074d0000,0x00000000075d0000)]
  0x0000000006784000 JavaThread "Finalizer" daemon [_thread_blocked, id=13936, stack(0x00000000073d0000,0x00000000074d0000)]
  0x0000000006783000 JavaThread "Reference Handler" daemon [_thread_blocked, id=9276, stack(0x00000000072d0000,0x00000000073d0000)]

Other Threads:
  0x0000000006779000 VMThread [stack: 0x00000000071d0000,0x00000000072d0000] [id=10440]
  0x0000000006803000 WatcherThread [stack: 0x00000000079d0000,0x0000000007ad0000] [id=9092]

VM state:not at safepoint (normal execution)

VM Mutex/Monitor currently owned by a thread: None

Heap
 PSYoungGen      total 36608K, used 5029K [0x00000000d72b0000, 0x00000000d9b80000, 0x0000000100000000)
  eden space 31424K, 16% used [0x00000000d72b0000,0x00000000d7799590,0x00000000d9160000)
  from space 5184K, 0% used [0x00000000d9670000,0x00000000d9670000,0x00000000d9b80000)
  to   space 5184K, 0% used [0x00000000d9160000,0x00000000d9160000,0x00000000d9670000)
 PSOldGen        total 83584K, used 0K [0x0000000085800000, 0x000000008a9a0000, 0x00000000d72b0000)
  object space 83584K, 0% used [0x0000000085800000,0x0000000085800000,0x000000008a9a0000)
 PSPermGen       total 21248K, used 11481K [0x0000000080600000, 0x0000000081ac0000, 0x0000000085800000)
  object space 21248K, 54% used [0x0000000080600000,0x00000000811367b0,0x0000000081ac0000)

Code Cache  [0x0000000002720000, 0x0000000002990000, 0x0000000005720000)
 total_blobs=375 nmethods=10 adapters=319 free_code_cache=49827456 largest_free_block=5952

Dynamic libraries:
0x0000000000400000 - 0x000000000042f000 	C:\Program Files\Java\jre6\bin\javaw.exe
0x0000000077af0000 - 0x0000000077c99000 	C:\Windows\SYSTEM32\ntdll.dll
0x00000000779d0000 - 0x0000000077aef000 	C:\Windows\system32\kernel32.dll
0x000007fefd8c0000 - 0x000007fefd92c000 	C:\Windows\system32\KERNELBASE.dll
0x000007fefe150000 - 0x000007fefe22b000 	C:\Windows\system32\ADVAPI32.dll
0x000007fefdfd0000 - 0x000007fefe06f000 	C:\Windows\system32\msvcrt.dll
0x000007fefdce0000 - 0x000007fefdcff000 	C:\Windows\SYSTEM32\sechost.dll
0x000007feff6c0000 - 0x000007feff7ed000 	C:\Windows\system32\RPCRT4.dll
0x00000000778d0000 - 0x00000000779ca000 	C:\Windows\system32\USER32.dll
0x000007fefe230000 - 0x000007fefe297000 	C:\Windows\system32\GDI32.dll
0x000007feffb10000 - 0x000007feffb1e000 	C:\Windows\system32\LPK.dll
0x000007fefe070000 - 0x000007fefe139000 	C:\Windows\system32\USP10.dll
0x000007feff4b0000 - 0x000007feff4de000 	C:\Windows\system32\IMM32.DLL
0x000007feff950000 - 0x000007feffa59000 	C:\Windows\system32\MSCTF.dll
0x000007fefd7d0000 - 0x000007fefd801000 	C:\Windows\system32\nvinitx.dll
0x000000000f000000 - 0x000000000f006000 	C:\Program Files\NVIDIA Corporation\CoProcManager\_etoured.dll
0x000007fefa8b0000 - 0x000007fefa90f000 	C:\Program Files\NVIDIA Corporation\CoProcManager\nvd3d9wrapx.dll
0x000007feff4e0000 - 0x000007feff6b7000 	C:\Windows\system32\SETUPAPI.dll
0x000007fefdbc0000 - 0x000007fefdbf6000 	C:\Windows\system32\CFGMGR32.dll
0x000007feff3d0000 - 0x000007feff4a7000 	C:\Windows\system32\OLEAUT32.dll
0x000007fefe2a0000 - 0x000007fefe4a3000 	C:\Windows\system32\ole32.dll
0x000007fefdb80000 - 0x000007fefdb9a000 	C:\Windows\system32\DEVOBJ.dll
0x000007fefa860000 - 0x000007fefa8a6000 	C:\Program Files\NVIDIA Corporation\CoProcManager\nvdxgiwrapx.dll
0x0000000075610000 - 0x0000000075649000 	C:\PROGRA~2\Sophos\SOPHOS~1\SOPHOS~2.DLL
0x0000000077cc0000 - 0x0000000077cc7000 	C:\Windows\system32\PSAPI.DLL
0x000000006d830000 - 0x000000006dfec000 	C:\Program Files\Java\jre6\bin\server\jvm.dll
0x000007fefbd40000 - 0x000007fefbd7b000 	C:\Windows\system32\WINMM.dll
0x000000006d7a0000 - 0x000000006d7ae000 	C:\Program Files\Java\jre6\bin\verify.dll
0x000000006d3c0000 - 0x000000006d3e7000 	C:\Program Files\Java\jre6\bin\java.dll
0x000000006d7f0000 - 0x000000006d802000 	C:\Program Files\Java\jre6\bin\zip.dll
0x000000006d000000 - 0x000000006d1c4000 	C:\Program Files\Java\jre6\bin\awt.dll
0x000007fef9140000 - 0x000007fef91b1000 	C:\Windows\system32\WINSPOOL.DRV
0x000007fefe4b0000 - 0x000007feff238000 	C:\Windows\system32\SHELL32.dll
0x000007feffb20000 - 0x000007feffb91000 	C:\Windows\system32\SHLWAPI.dll
0x000007fefbe30000 - 0x000007fefc024000 	C:\Windows\WinSxS\amd64_microsoft.windows.common-controls_6595b64144ccf1df_6.0.7601.17514_none_fa396087175ac9ac\COMCTL32.dll
0x000007fefacd0000 - 0x000007feface8000 	C:\Windows\system32\DWMAPI.DLL
0x000007fefbce0000 - 0x000007fefbd36000 	C:\Windows\system32\uxtheme.dll
0x000007fefd700000 - 0x000007fefd70f000 	C:\Windows\system32\CRYPTBASE.dll
0x000000006d2a0000 - 0x000000006d315000 	C:\Program Files\Java\jre6\bin\fontmanager.dll
0x000000006d620000 - 0x000000006d637000 	C:\Program Files\Java\jre6\bin\net.dll
0x000007feffac0000 - 0x000007feffb0d000 	C:\Windows\system32\WS2_32.dll
0x000007fefe140000 - 0x000007fefe148000 	C:\Windows\system32\NSI.dll
0x000007fefc990000 - 0x000007fefc9c1000 	C:\ProgramData\Sophos\Web Intelligence\swi_ifslsp_64.dll
0x000007fefcaa0000 - 0x000007fefcaac000 	C:\Windows\system32\VERSION.dll
0x000007fefd040000 - 0x000007fefd095000 	C:\Windows\system32\mswsock.dll
0x000007fefd030000 - 0x000007fefd037000 	C:\Windows\System32\wship6.dll
0x000000006d640000 - 0x000000006d64c000 	C:\Program Files\Java\jre6\bin\nio.dll
0x000007fef2c80000 - 0x000007fef2dec000 	C:\Windows\system32\nvumdshimx.dll

VM Arguments:
java_command: C:\Users\us1jbernath\Documents\Flotilla LCD\New folder (12)\86427880_SOURCE_CODE\86427880_SOURCE_CODE\framework\gfx\utilities\memory_programmer\memory_programmer.jar
Launcher Type: SUN_STANDARD

Environment Variables:
PATH=C:\ProgramData\Oracle\Java\javapath;c:\Program Files (x86)\Intel\iCLS Client\;c:\Program Files\Intel\iCLS Client\;C:\Program Files (x86)\NVIDIA Corporation\PhysX\Common;C:\Windows\system32;C:\Windows;C:\Windows\System32\Wbem;C:\Windows\System32\WindowsPowerShell\v1.0\;C:\Program Files\Intel\WiFi\bin\;C:\Program Files\Common Files\Intel\WirelessCommon\;C:\Program Files\Intel\Intel(R) Management Engine Components\DAL;C:\Program Files\Intel\Intel(R) Management Engine Components\IPT;C:\Program Files (x86)\Intel\Intel(R) Management Engine Components\DAL;C:\Program Files (x86)\Intel\Intel(R) Management Engine Components\IPT;C:\Program Files (x86)\IVI Foundation\IVI\bin;C:\Program Files\IVI Foundation\IVI\bin;C:\Program Files (x86)\IVI Foundation\VISA\WinNT\Bin\;C:\Program Files\IVI Foundation\VISA\Win64\Bin\;C:\Program Files (x86)\IVI Foundation\VISA\WinNT\Bin;C:\Program Files (x86)\Microchip\xc8\v1.34\bin;C:\Program Files (x86)\Microchip\MPLAB C32 Suite\bin;C:\HTSOFT\PIC18\BIN;C:\Program Files (x86)\HI-TECH Software\PICC-18\9.80\bin;C:\Windows\system32\config\systemprofile\.dnx\bin;C:\Program Files\Microsoft DNX\Dnvm\;C:\Program Files\Microsoft SQL Server\130\Tools\Binn\;C:\Program Files\dotnet\;C:\Program Files\Anaconda3;C:\Program Files\Anaconda3\Scripts;C:\Program Files\Anaconda3\Library\bin;C:\Program Files\Git\cmd;C:\Program Files (x86)\Microchip\xc16\v1.31\bin;C:\Program Files (x86)\Microchip\xc16\v1.33\bin;C:\Program Files\Intel\WiFi\bin\;C:\Program Files\Common Files\Intel\WirelessCommon\
USERNAME=us1jbernath
OS=Windows_NT
PROCESSOR_IDENTIFIER=Intel64 Family 6 Model 60 Stepping 3, GenuineIntel



---------------  S Y S T E M  ---------------

OS: Windows 7 , 64 bit Build 7601 Service Pack 1

CPU:total 8 (4 cores per cpu, 2 threads per core) family 6 model 60 stepping 3, cmov, cx8, fxsr, mmx, sse, sse2, sse3, ssse3, sse4.1, sse4.2, popcnt, ht

Memory: 4k page, physical 8021104k(749484k free), swap 8535392k(4000k free)

vm_info: Java HotSpot(TM) 64-Bit Server VM (20.45-b01) for windows-amd64 JRE (1.6.0_45-b06), built on Apr  1 2013 12:31:37 by "java_re" with MS VC++ 8.0 (VS2005)

time: Thu Jun 14 12:50:46 2018
elapsed time: 1 seconds

